#
# There is insufficient memory for the Java Runtime Environment to continue.
# Native memory allocation (malloc) failed to allocate 1048576 bytes for AllocateHeap
# Possible reasons:
#   The system is out of physical RAM or swap space
#   In 32 bit mode, the process size limit was hit
# Possible solutions:
#   Reduce memory load on the system
#   Increase physical memory or swap space
#   Check if swap backing store is full
#   Use 64 bit Java on a 64 bit OS
#   Decrease Java heap size (-Xmx/-Xms)
#   Decrease number of Java threads
#   Decrease Java thread stack sizes (-Xss)
#   Set larger code cache with -XX:ReservedCodeCacheSize=
# This output file may be truncated or incomplete.
#
#  Out of Memory Error (memory/allocation.inline.hpp:61), pid=22772, tid=0x00000000000036f0
#
# JRE version:  (8.0) (build )
# Java VM: OpenJDK 64-Bit Server VM (25.71-b00 mixed mode windows-amd64 compressed oops)
# Failed to write core dump. Minidumps are not enabled by default on client versions of Windows
#

---------------  T H R E A D  ---------------

Current thread (0x0000000003343800):  JavaThread "Unknown thread" [_thread_in_vm, id=14064, stack(0x0000000002e10000,0x0000000002f10000)]

Stack: [0x0000000002e10000,0x0000000002f10000]
[error occurred during error reporting (printing stack bounds), id 0xc0000005]

Native frames: (J=compiled Java code, j=interpreted, Vv=VM code, C=native code)


---------------  P R O C E S S  ---------------

Java Threads: ( => current thread )

Other Threads:

=>0x0000000003343800 (exited) JavaThread "Unknown thread" [_thread_in_vm, id=14064, stack(0x0000000002e10000,0x0000000002f10000)]

VM state:not at safepoint (normal execution)

VM Mutex/Monitor currently owned by a thread: None

Heap:
 PSYoungGen      total 76288K, used 1310K [0x000000076b100000, 0x0000000770600000, 0x00000007c0000000)
  eden space 65536K, 2% used [0x000000076b100000,0x000000076b247af0,0x000000076f100000)
  from space 10752K, 0% used [0x000000076fb80000,0x000000076fb80000,0x0000000770600000)
  to   space 10752K, 0% used [0x000000076f100000,0x000000076f100000,0x000000076fb80000)
 ParOldGen       total 175104K, used 0K [0x00000006c1200000, 0x00000006cbd00000, 0x000000076b100000)
  object space 175104K, 0% used [0x00000006c1200000,0x00000006c1200000,0x00000006cbd00000)
 Metaspace       used 777K, capacity 4480K, committed 4480K, reserved 1056768K
  class space    used 74K, capacity 384K, committed 384K, reserved 1048576K

Card table byte_map: [0x0000000012800000,0x0000000013000000] byte_map_base: 0x000000000f1f7000

Marking Bits: (ParMarkBitMap*) 0x000000006205be50
 Begin Bits: [0x0000000013f50000, 0x0000000017f08000)
 End Bits:   [0x0000000017f08000, 0x000000001bec0000)

Polling page: 0x0000000001040000

CodeCache: size=245760Kb used=327Kb max_used=327Kb free=245432Kb
 bounds [0x0000000003440000, 0x00000000036b0000, 0x0000000012440000]
 total_blobs=56 nmethods=0 adapters=38
 compilation: enabled

Compilation events (0 events):
No events

GC Heap History (0 events):
No events

Deoptimization events (0 events):
No events

Classes redefined (0 events):
No events

Internal exceptions (0 events):
No events

Events (10 events):
Event: 0.021 loading class java/lang/Short
Event: 0.021 loading class java/lang/Short done
Event: 0.021 loading class java/lang/Integer
Event: 0.021 loading class java/lang/Integer done
Event: 0.021 loading class java/lang/Long
Event: 0.022 loading class java/lang/Long done
Event: 0.022 loading class java/lang/NullPointerException
Event: 0.022 loading class java/lang/NullPointerException done
Event: 0.022 loading class java/lang/ArithmeticException
Event: 0.022 loading class java/lang/ArithmeticException done


Dynamic libraries:
0x00007ff7cb4f0000 - 0x00007ff7cb525000 	D:\UnityHub\2018.3.14f1\Editor\Data\PlaybackEngines\AndroidPlayer\Tools\OpenJDK\Windows\bin\java.exe
0x00007ffd6b1d0000 - 0x00007ffd6b3bd000 	C:\Windows\SYSTEM32\ntdll.dll
0x00007ffd69140000 - 0x00007ffd691f3000 	C:\Windows\System32\KERNEL32.DLL
0x00007ffd67810000 - 0x00007ffd67aa3000 	C:\Windows\System32\KERNELBASE.dll
0x00007ffd6ad50000 - 0x00007ffd6adf3000 	C:\Windows\System32\ADVAPI32.dll
0x00007ffd6aff0000 - 0x00007ffd6b08e000 	C:\Windows\System32\msvcrt.dll
0x00007ffd68c60000 - 0x00007ffd68cfe000 	C:\Windows\System32\sechost.dll
0x00007ffd69200000 - 0x00007ffd69322000 	C:\Windows\System32\RPCRT4.dll
0x00007ffd68580000 - 0x00007ffd68717000 	C:\Windows\System32\USER32.dll
0x00007ffd675e0000 - 0x00007ffd67600000 	C:\Windows\System32\win32u.dll
0x00007ffd69020000 - 0x00007ffd69049000 	C:\Windows\System32\GDI32.dll
0x00007ffd67440000 - 0x00007ffd675da000 	C:\Windows\System32\gdi32full.dll
0x00007ffd673a0000 - 0x00007ffd67440000 	C:\Windows\System32\msvcp_win.dll
0x00007ffd68280000 - 0x00007ffd6837a000 	C:\Windows\System32\ucrtbase.dll
0x00007ffd5aa50000 - 0x00007ffd5acc9000 	C:\Windows\WinSxS\amd64_microsoft.windows.common-controls_6595b64144ccf1df_6.0.17763.475_none_05b43ca607202c6c\COMCTL32.dll
0x00007ffd6a990000 - 0x00007ffd6acbc000 	C:\Windows\System32\combase.dll
0x00007ffd67ab0000 - 0x00007ffd67b2e000 	C:\Windows\System32\bcryptPrimitives.dll
0x00007ffd68f90000 - 0x00007ffd68fbe000 	C:\Windows\System32\IMM32.DLL
0x00000000620e0000 - 0x00000000621b2000 	D:\UnityHub\2018.3.14f1\Editor\Data\PlaybackEngines\AndroidPlayer\Tools\OpenJDK\Windows\jre\bin\msvcr100.dll
0x0000000061890000 - 0x00000000620d9000 	D:\UnityHub\2018.3.14f1\Editor\Data\PlaybackEngines\AndroidPlayer\Tools\OpenJDK\Windows\jre\bin\server\jvm.dll
0x00007ffd6b090000 - 0x00007ffd6b098000 	C:\Windows\System32\PSAPI.DLL
0x00007ffd63a50000 - 0x00007ffd63a59000 	C:\Windows\SYSTEM32\WSOCK32.dll
0x00007ffd62080000 - 0x00007ffd6208a000 	C:\Windows\SYSTEM32\VERSION.dll
0x00007ffd6acc0000 - 0x00007ffd6ad2d000 	C:\Windows\System32\WS2_32.dll
0x00007ffd5d730000 - 0x00007ffd5d754000 	C:\Windows\SYSTEM32\WINMM.dll
0x00007ffd5d480000 - 0x00007ffd5d4ad000 	C:\Windows\SYSTEM32\winmmbase.dll
0x00007ffd68380000 - 0x00007ffd683ca000 	C:\Windows\System32\cfgmgr32.dll
0x00007ffd5cf50000 - 0x00007ffd5cf5f000 	D:\UnityHub\2018.3.14f1\Editor\Data\PlaybackEngines\AndroidPlayer\Tools\OpenJDK\Windows\jre\bin\verify.dll
0x00007ffd42e10000 - 0x00007ffd42e39000 	D:\UnityHub\2018.3.14f1\Editor\Data\PlaybackEngines\AndroidPlayer\Tools\OpenJDK\Windows\jre\bin\java.dll
0x00007ffd581b0000 - 0x00007ffd581c6000 	D:\UnityHub\2018.3.14f1\Editor\Data\PlaybackEngines\AndroidPlayer\Tools\OpenJDK\Windows\jre\bin\zip.dll

VM Arguments:
jvm_args: -Dcom.android.sdklib.toolsdir=C:\Users\chanm\AppData\Local\Android\Sdk\tools\bin\\.. 
java_command: com.android.sdklib.tool.sdkmanager.SdkManagerCli --list
java_class_path (initial): C:\Users\chanm\AppData\Local\Android\Sdk\tools\bin\..\lib\dvlib-26.0.0-dev.jar;C:\Users\chanm\AppData\Local\Android\Sdk\tools\bin\..\lib\jimfs-1.1.jar;C:\Users\chanm\AppData\Local\Android\Sdk\tools\bin\..\lib\jsr305-1.3.9.jar;C:\Users\chanm\AppData\Local\Android\Sdk\tools\bin\..\lib\repository-26.0.0-dev.jar;C:\Users\chanm\AppData\Local\Android\Sdk\tools\bin\..\lib\j2objc-annotations-1.1.jar;C:\Users\chanm\AppData\Local\Android\Sdk\tools\bin\..\lib\layoutlib-api-26.0.0-dev.jar;C:\Users\chanm\AppData\Local\Android\Sdk\tools\bin\..\lib\gson-2.3.jar;C:\Users\chanm\AppData\Local\Android\Sdk\tools\bin\..\lib\httpcore-4.2.5.jar;C:\Users\chanm\AppData\Local\Android\Sdk\tools\bin\..\lib\commons-logging-1.1.1.jar;C:\Users\chanm\AppData\Local\Android\Sdk\tools\bin\..\lib\commons-compress-1.12.jar;C:\Users\chanm\AppData\Local\Android\Sdk\tools\bin\..\lib\annotations-26.0.0-dev.jar;C:\Users\chanm\AppData\Local\Android\Sdk\tools\bin\..\lib\error_prone_annotations-2.0.18.jar;C:\Users\chanm\AppData\Local\Android\Sdk\tools\bin\..\lib\animal-sniffer-annotations-1.14.jar;C:\Users\chanm\AppData\Local\Android\Sdk\tools\bin\..\lib\httpclient-4.2.6.jar;C:\Users\chanm\AppData\Local\Android\Sdk\tools\bin\..\lib\commons-codec-1.6.jar;C:\Users\chanm\AppData\Local\Android\Sdk\tools\bin\..\lib\common-26.0.0-dev.jar;C:\Users\chanm\AppData\Local\Android\Sdk\tools\bin\..\lib\kxml2-2.3.0.jar;C:\Users\chanm\AppData\Local\Android\Sdk\tools\bin\..\lib\httpmime-4.1.jar;C:\Users\chanm\AppData\Local\Android\Sdk\tools\bin\..\lib\annotations-12.0.jar;C:\Users\chanm\AppData\Local\Android\Sdk\tools\bin\..\lib\sdklib-26.0.0-dev.jar;C:\Users\chanm\AppData\Local\Android\Sdk\tools\bin\..\lib\guava-22.0.jar
Launcher Type: SUN_STANDARD

Environment Variables:
JAVA_HOME=D:\UnityHub\2018.3.14f1\Editor\Data\PlaybackEngines\AndroidPlayer/Tools\OpenJDK\Windows
CLASSPATH=C:\Users\chanm\AppData\Local\Android\Sdk\tools\bin\..\lib\dvlib-26.0.0-dev.jar;C:\Users\chanm\AppData\Local\Android\Sdk\tools\bin\..\lib\jimfs-1.1.jar;C:\Users\chanm\AppData\Local\Android\Sdk\tools\bin\..\lib\jsr305-1.3.9.jar;C:\Users\chanm\AppData\Local\Android\Sdk\tools\bin\..\lib\repository-26.0.0-dev.jar;C:\Users\chanm\AppData\Local\Android\Sdk\tools\bin\..\lib\j2objc-annotations-1.1.jar;C:\Users\chanm\AppData\Local\Android\Sdk\tools\bin\..\lib\layoutlib-api-26.0.0-dev.jar;C:\Users\chanm\AppData\Local\Android\Sdk\tools\bin\..\lib\gson-2.3.jar;C:\Users\chanm\AppData\Local\Android\Sdk\tools\bin\..\lib\httpcore-4.2.5.jar;C:\Users\chanm\AppData\Local\Android\Sdk\tools\bin\..\lib\commons-logging-1.1.1.jar;C:\Users\chanm\AppData\Local\Android\Sdk\tools\bin\..\lib\commons-compress-1.12.jar;C:\Users\chanm\AppData\Local\Android\Sdk\tools\bin\..\lib\annotations-26.0.0-dev.jar;C:\Users\chanm\AppData\Local\Android\Sdk\tools\bin\..\lib\error_prone_annotations-2.0.18.jar;C:\Users\chanm\AppData\Local\Android\Sdk\tools\bin\..\lib\animal-sniffer-annotations-1.14.jar;C:\Users\chanm\AppData\Local\Android\Sdk\tools\bin\..\lib\httpclient-4.2.6.jar;C:\Users\chanm\AppData\Local\Android\Sdk\tools\bin\..\lib\commons-codec-1.6.jar;C:\Users\chanm\AppData\Local\Android\Sdk\tools\bin\..\lib\common-26.0.0-dev.jar;C:\Users\chanm\AppData\Local\Android\Sdk\tools\bin\..\lib\kxml2-2.3.0.jar;C:\Users\chanm\AppData\Local\Android\Sdk\tools\bin\..\lib\httpmime-4.1.jar;C:\Users\chanm\AppData\Local\Android\Sdk\tools\bin\..\lib\annotations-12.0.jar;C:\Users\chanm\AppData\Local\Android\Sdk\tools\bin\..\lib\sdklib-26.0.0-dev.jar;C:\Users\chanm\AppData\Local\Android\Sdk\tools\bin\..\lib\guava-22.0.jar
PATH=C:\Program Files (x86)\Razer Chroma SDK\bin;C:\Program Files\Razer Chroma SDK\bin;C:\Program Files (x86)\Common Files\Oracle\Java\javapath;C:\Program Files (x86)\Common Files\Intel\Shared Libraries\redist\intel64\compiler;C:\Windows\system32;C:\Windows;C:\Windows\System32\Wbem;C:\Windows\System32\WindowsPowerShell\v1.0\;C:\Windows\System32\OpenSSH\;C:\Program Files\Git\cmd;C:\Program Files\Java\jdk1.8.0_191\bin\bin;C:\Windows\system32\config\systemprofile\AppData\Local\Microsoft\WindowsApps;C:\Program Files\nodejs\;C:\Program Files\MySQL\MySQL Server 8.0\bin;C:\Program Files\Common Files\Autodesk Shared\;C:\Users\chanm\AppData\Local\Microsoft\WindowsApps;C:\Program Files\Bandizip\;C:\Users\chanm\AppData\Local\Programs\Python\Python37\Scripts;C:\Users\chanm\AppData\Local\Programs\Python\Python37;;C:\Users\chanm\AppData\Local\Programs\Microsoft VS Code\bin;C:\Users\chanm\AppData\Roaming\npm
USERNAME=user
OS=Windows_NT
PROCESSOR_IDENTIFIER=AMD64 Family 23 Model 8 Stepping 2, AuthenticAMD



---------------  S Y S T E M  ---------------

OS: Windows 10.0 , 64 bit Build 17763 (10.0.17763.475)

CPU:total 12 (initial active 12) (12 cores per cpu, 1 threads per core) family 23 model 8 stepping 2, cmov, cx8, fxsr, mmx, sse, sse2, sse3, ssse3, sse4.1, sse4.2, popcnt, avx, avx2, aes, clmul, mmxext, 3dnowpref, lzcnt, sse4a, tsc, tscinvbit, tscinv, bmi1

Memory: 4k page, physical 16702052k(3525320k free), swap 23479936k(5712k free)

vm_info: OpenJDK 64-Bit Server VM (25.71-b00) for windows-amd64 JRE (1.8.0-adoptopenjdk-_2018_05_19_00_59-b00), built on May 19 2018 01:02:12 by "jenkins" with MS VC++ 10.0 (VS2010)

time: Mon May 13 19:39:11 2019
elapsed time: 0 seconds (0d 0h 0m 0s)

